  stdafx.cpp
  config.cpp
D:\RNS-APAL_V0200\config.cpp(113,82): warning C4305: 'initializing': truncation from '__int64' to 'int'
D:\RNS-APAL_V0200\config.cpp(113,28): warning C4309: 'initializing': truncation of constant value
  init.cpp
  mrn.cpp
D:\RNS-APAL_V0200\mrn.cpp(671,7): warning C4018: '<': signed/unsigned mismatch
D:\RNS-APAL_V0200\mrn.cpp(694,7): warning C4018: '<': signed/unsigned mismatch
  ppm.cpp
D:\RNS-APAL_V0200\ppm.cpp(123,18): warning C4244: 'initializing': conversion from '__int64' to 'unsigned int', possible loss of data
D:\RNS-APAL_V0200\ppm.cpp(131,22): warning C4018: '<': signed/unsigned mismatch
D:\RNS-APAL_V0200\ppm.cpp(144,22): warning C4018: '<': signed/unsigned mismatch
D:\RNS-APAL_V0200\ppm.cpp(145,23): warning C4018: '<': signed/unsigned mismatch
D:\RNS-APAL_V0200\ppm.cpp(146,24): warning C4018: '<': signed/unsigned mismatch
D:\RNS-APAL_V0200\ppm.cpp(153,22): warning C4018: '<': signed/unsigned mismatch
D:\RNS-APAL_V0200\ppm.cpp(154,23): warning C4018: '<': signed/unsigned mismatch
D:\RNS-APAL_V0200\ppm.cpp(156,24): warning C4018: '<': signed/unsigned mismatch
D:\RNS-APAL_V0200\ppm.cpp(161,21): warning C4018: '<': signed/unsigned mismatch
D:\RNS-APAL_V0200\ppm.cpp(185,23): warning C4018: '<': signed/unsigned mismatch
D:\RNS-APAL_V0200\ppm.cpp(193,22): warning C4018: '<': signed/unsigned mismatch
D:\RNS-APAL_V0200\ppm.cpp(194,23): warning C4018: '<': signed/unsigned mismatch
D:\RNS-APAL_V0200\ppm.cpp(195,24): warning C4018: '<': signed/unsigned mismatch
D:\RNS-APAL_V0200\ppm.cpp(204,22): warning C4018: '<': signed/unsigned mismatch
D:\RNS-APAL_V0200\ppm.cpp(562,11): warning C4018: '<': signed/unsigned mismatch
D:\RNS-APAL_V0200\ppm.cpp(743,13): warning C4018: '>': signed/unsigned mismatch
D:\RNS-APAL_V0200\ppm.cpp(908,22): warning C4018: '<': signed/unsigned mismatch
D:\RNS-APAL_V0200\ppm.cpp(982,13): warning C4018: '>': signed/unsigned mismatch
D:\RNS-APAL_V0200\ppm.cpp(1204,13): warning C4018: '>': signed/unsigned mismatch
D:\RNS-APAL_V0200\ppm.cpp(5602,12): warning C4244: '=': conversion from 'unsigned __int64' to 'int', possible loss of data
D:\RNS-APAL_V0200\ppm.cpp(5603,10): warning C4244: 'return': conversion from 'unsigned __int64' to 'int', possible loss of data
D:\RNS-APAL_V0200\ppm.cpp(5726,18): warning C4018: '<': signed/unsigned mismatch
D:\RNS-APAL_V0200\ppm.cpp(5801,14): warning C4018: '<': signed/unsigned mismatch
  main.cpp
D:\RNS-APAL_V0200\main.cpp(114,1): warning C4996: 'scanf': This function or variable may be unsafe. Consider using scanf_s instead. To disable deprecation, use _CRT_SECURE_NO_WARNINGS. See online help for details.
C:\Program Files (x86)\Windows Kits\10\Include\10.0.18362.0\ucrt\stdio.h(1274): message : see declaration of 'scanf'
D:\RNS-APAL_V0200\main.cpp(125,1): warning C4996: 'scanf': This function or variable may be unsafe. Consider using scanf_s instead. To disable deprecation, use _CRT_SECURE_NO_WARNINGS. See online help for details.
C:\Program Files (x86)\Windows Kits\10\Include\10.0.18362.0\ucrt\stdio.h(1274): message : see declaration of 'scanf'
D:\RNS-APAL_V0200\main.cpp(142,1): warning C4996: 'scanf': This function or variable may be unsafe. Consider using scanf_s instead. To disable deprecation, use _CRT_SECURE_NO_WARNINGS. See online help for details.
C:\Program Files (x86)\Windows Kits\10\Include\10.0.18362.0\ucrt\stdio.h(1274): message : see declaration of 'scanf'
D:\RNS-APAL_V0200\main.cpp(168,1): warning C4996: 'scanf': This function or variable may be unsafe. Consider using scanf_s instead. To disable deprecation, use _CRT_SECURE_NO_WARNINGS. See online help for details.
C:\Program Files (x86)\Windows Kits\10\Include\10.0.18362.0\ucrt\stdio.h(1274): message : see declaration of 'scanf'
D:\RNS-APAL_V0200\main.cpp(206,1): warning C4996: 'scanf': This function or variable may be unsafe. Consider using scanf_s instead. To disable deprecation, use _CRT_SECURE_NO_WARNINGS. See online help for details.
C:\Program Files (x86)\Windows Kits\10\Include\10.0.18362.0\ucrt\stdio.h(1274): message : see declaration of 'scanf'
D:\RNS-APAL_V0200\main.cpp(255,1): warning C4996: 'scanf': This function or variable may be unsafe. Consider using scanf_s instead. To disable deprecation, use _CRT_SECURE_NO_WARNINGS. See online help for details.
C:\Program Files (x86)\Windows Kits\10\Include\10.0.18362.0\ucrt\stdio.h(1274): message : see declaration of 'scanf'
D:\RNS-APAL_V0200\main.cpp(265,1): warning C4996: 'scanf': This function or variable may be unsafe. Consider using scanf_s instead. To disable deprecation, use _CRT_SECURE_NO_WARNINGS. See online help for details.
C:\Program Files (x86)\Windows Kits\10\Include\10.0.18362.0\ucrt\stdio.h(1274): message : see declaration of 'scanf'
D:\RNS-APAL_V0200\main.cpp(282,1): warning C4996: 'scanf': This function or variable may be unsafe. Consider using scanf_s instead. To disable deprecation, use _CRT_SECURE_NO_WARNINGS. See online help for details.
C:\Program Files (x86)\Windows Kits\10\Include\10.0.18362.0\ucrt\stdio.h(1274): message : see declaration of 'scanf'
D:\RNS-APAL_V0200\main.cpp(309,1): warning C4996: 'scanf': This function or variable may be unsafe. Consider using scanf_s instead. To disable deprecation, use _CRT_SECURE_NO_WARNINGS. See online help for details.
C:\Program Files (x86)\Windows Kits\10\Include\10.0.18362.0\ucrt\stdio.h(1274): message : see declaration of 'scanf'
D:\RNS-APAL_V0200\main.cpp(319,1): warning C4996: 'scanf': This function or variable may be unsafe. Consider using scanf_s instead. To disable deprecation, use _CRT_SECURE_NO_WARNINGS. See online help for details.
C:\Program Files (x86)\Windows Kits\10\Include\10.0.18362.0\ucrt\stdio.h(1274): message : see declaration of 'scanf'
D:\RNS-APAL_V0200\main.cpp(336,1): warning C4996: 'scanf': This function or variable may be unsafe. Consider using scanf_s instead. To disable deprecation, use _CRT_SECURE_NO_WARNINGS. See online help for details.
C:\Program Files (x86)\Windows Kits\10\Include\10.0.18362.0\ucrt\stdio.h(1274): message : see declaration of 'scanf'
D:\RNS-APAL_V0200\main.cpp(363,1): warning C4996: 'scanf': This function or variable may be unsafe. Consider using scanf_s instead. To disable deprecation, use _CRT_SECURE_NO_WARNINGS. See online help for details.
C:\Program Files (x86)\Windows Kits\10\Include\10.0.18362.0\ucrt\stdio.h(1274): message : see declaration of 'scanf'
D:\RNS-APAL_V0200\main.cpp(373,1): warning C4996: 'scanf': This function or variable may be unsafe. Consider using scanf_s instead. To disable deprecation, use _CRT_SECURE_NO_WARNINGS. See online help for details.
C:\Program Files (x86)\Windows Kits\10\Include\10.0.18362.0\ucrt\stdio.h(1274): message : see declaration of 'scanf'
D:\RNS-APAL_V0200\main.cpp(390,1): warning C4996: 'scanf': This function or variable may be unsafe. Consider using scanf_s instead. To disable deprecation, use _CRT_SECURE_NO_WARNINGS. See online help for details.
C:\Program Files (x86)\Windows Kits\10\Include\10.0.18362.0\ucrt\stdio.h(1274): message : see declaration of 'scanf'
D:\RNS-APAL_V0200\main.cpp(415,1): warning C4996: 'scanf': This function or variable may be unsafe. Consider using scanf_s instead. To disable deprecation, use _CRT_SECURE_NO_WARNINGS. See online help for details.
C:\Program Files (x86)\Windows Kits\10\Include\10.0.18362.0\ucrt\stdio.h(1274): message : see declaration of 'scanf'
D:\RNS-APAL_V0200\main.cpp(503,1): warning C4996: 'scanf': This function or variable may be unsafe. Consider using scanf_s instead. To disable deprecation, use _CRT_SECURE_NO_WARNINGS. See online help for details.
C:\Program Files (x86)\Windows Kits\10\Include\10.0.18362.0\ucrt\stdio.h(1274): message : see declaration of 'scanf'
D:\RNS-APAL_V0200\main.cpp(687,1): warning C4996: 'scanf': This function or variable may be unsafe. Consider using scanf_s instead. To disable deprecation, use _CRT_SECURE_NO_WARNINGS. See online help for details.
C:\Program Files (x86)\Windows Kits\10\Include\10.0.18362.0\ucrt\stdio.h(1274): message : see declaration of 'scanf'
D:\RNS-APAL_V0200\main.cpp(777,1): warning C4996: 'scanf': This function or variable may be unsafe. Consider using scanf_s instead. To disable deprecation, use _CRT_SECURE_NO_WARNINGS. See online help for details.
C:\Program Files (x86)\Windows Kits\10\Include\10.0.18362.0\ucrt\stdio.h(1274): message : see declaration of 'scanf'
D:\RNS-APAL_V0200\main.cpp(881,1): warning C4996: 'scanf': This function or variable may be unsafe. Consider using scanf_s instead. To disable deprecation, use _CRT_SECURE_NO_WARNINGS. See online help for details.
C:\Program Files (x86)\Windows Kits\10\Include\10.0.18362.0\ucrt\stdio.h(1274): message : see declaration of 'scanf'
D:\RNS-APAL_V0200\main.cpp(1133,11): warning C4018: '<': signed/unsigned mismatch
D:\RNS-APAL_V0200\main.cpp(1116,1): warning C4996: 'scanf': This function or variable may be unsafe. Consider using scanf_s instead. To disable deprecation, use _CRT_SECURE_NO_WARNINGS. See online help for details.
C:\Program Files (x86)\Windows Kits\10\Include\10.0.18362.0\ucrt\stdio.h(1274): message : see declaration of 'scanf'
D:\RNS-APAL_V0200\main.cpp(1129,1): warning C4996: 'scanf': This function or variable may be unsafe. Consider using scanf_s instead. To disable deprecation, use _CRT_SECURE_NO_WARNINGS. See online help for details.
C:\Program Files (x86)\Windows Kits\10\Include\10.0.18362.0\ucrt\stdio.h(1274): message : see declaration of 'scanf'
D:\RNS-APAL_V0200\main.cpp(1147,1): warning C4996: 'scanf': This function or variable may be unsafe. Consider using scanf_s instead. To disable deprecation, use _CRT_SECURE_NO_WARNINGS. See online help for details.
C:\Program Files (x86)\Windows Kits\10\Include\10.0.18362.0\ucrt\stdio.h(1274): message : see declaration of 'scanf'
D:\RNS-APAL_V0200\main.cpp(1290,1): warning C4996: 'scanf': This function or variable may be unsafe. Consider using scanf_s instead. To disable deprecation, use _CRT_SECURE_NO_WARNINGS. See online help for details.
C:\Program Files (x86)\Windows Kits\10\Include\10.0.18362.0\ucrt\stdio.h(1274): message : see declaration of 'scanf'
D:\RNS-APAL_V0200\main.cpp(1298,1): warning C4996: 'scanf': This function or variable may be unsafe. Consider using scanf_s instead. To disable deprecation, use _CRT_SECURE_NO_WARNINGS. See online help for details.
C:\Program Files (x86)\Windows Kits\10\Include\10.0.18362.0\ucrt\stdio.h(1274): message : see declaration of 'scanf'
D:\RNS-APAL_V0200\main.cpp(1305,1): warning C4996: 'scanf': This function or variable may be unsafe. Consider using scanf_s instead. To disable deprecation, use _CRT_SECURE_NO_WARNINGS. See online help for details.
C:\Program Files (x86)\Windows Kits\10\Include\10.0.18362.0\ucrt\stdio.h(1274): message : see declaration of 'scanf'
D:\RNS-APAL_V0200\main.cpp(1313,1): warning C4996: 'scanf': This function or variable may be unsafe. Consider using scanf_s instead. To disable deprecation, use _CRT_SECURE_NO_WARNINGS. See online help for details.
C:\Program Files (x86)\Windows Kits\10\Include\10.0.18362.0\ucrt\stdio.h(1274): message : see declaration of 'scanf'
D:\RNS-APAL_V0200\main.cpp(1348,1): warning C4996: 'scanf': This function or variable may be unsafe. Consider using scanf_s instead. To disable deprecation, use _CRT_SECURE_NO_WARNINGS. See online help for details.
C:\Program Files (x86)\Windows Kits\10\Include\10.0.18362.0\ucrt\stdio.h(1274): message : see declaration of 'scanf'
D:\RNS-APAL_V0200\main.cpp(1373,1): warning C4996: 'scanf': This function or variable may be unsafe. Consider using scanf_s instead. To disable deprecation, use _CRT_SECURE_NO_WARNINGS. See online help for details.
C:\Program Files (x86)\Windows Kits\10\Include\10.0.18362.0\ucrt\stdio.h(1274): message : see declaration of 'scanf'
D:\RNS-APAL_V0200\main.cpp(1382,1): warning C4996: 'scanf': This function or variable may be unsafe. Consider using scanf_s instead. To disable deprecation, use _CRT_SECURE_NO_WARNINGS. See online help for details.
C:\Program Files (x86)\Windows Kits\10\Include\10.0.18362.0\ucrt\stdio.h(1274): message : see declaration of 'scanf'
D:\RNS-APAL_V0200\main.cpp(1395,1): warning C4996: 'scanf': This function or variable may be unsafe. Consider using scanf_s instead. To disable deprecation, use _CRT_SECURE_NO_WARNINGS. See online help for details.
C:\Program Files (x86)\Windows Kits\10\Include\10.0.18362.0\ucrt\stdio.h(1274): message : see declaration of 'scanf'
D:\RNS-APAL_V0200\main.cpp(1418,1): warning C4996: 'scanf': This function or variable may be unsafe. Consider using scanf_s instead. To disable deprecation, use _CRT_SECURE_NO_WARNINGS. See online help for details.
C:\Program Files (x86)\Windows Kits\10\Include\10.0.18362.0\ucrt\stdio.h(1274): message : see declaration of 'scanf'
D:\RNS-APAL_V0200\main.cpp(1427,1): warning C4996: 'scanf': This function or variable may be unsafe. Consider using scanf_s instead. To disable deprecation, use _CRT_SECURE_NO_WARNINGS. See online help for details.
C:\Program Files (x86)\Windows Kits\10\Include\10.0.18362.0\ucrt\stdio.h(1274): message : see declaration of 'scanf'
D:\RNS-APAL_V0200\main.cpp(1440,1): warning C4996: 'scanf': This function or variable may be unsafe. Consider using scanf_s instead. To disable deprecation, use _CRT_SECURE_NO_WARNINGS. See online help for details.
C:\Program Files (x86)\Windows Kits\10\Include\10.0.18362.0\ucrt\stdio.h(1274): message : see declaration of 'scanf'
D:\RNS-APAL_V0200\main.cpp(1463,1): warning C4996: 'scanf': This function or variable may be unsafe. Consider using scanf_s instead. To disable deprecation, use _CRT_SECURE_NO_WARNINGS. See online help for details.
C:\Program Files (x86)\Windows Kits\10\Include\10.0.18362.0\ucrt\stdio.h(1274): message : see declaration of 'scanf'
D:\RNS-APAL_V0200\main.cpp(1478,1): warning C4996: 'scanf': This function or variable may be unsafe. Consider using scanf_s instead. To disable deprecation, use _CRT_SECURE_NO_WARNINGS. See online help for details.
C:\Program Files (x86)\Windows Kits\10\Include\10.0.18362.0\ucrt\stdio.h(1274): message : see declaration of 'scanf'
D:\RNS-APAL_V0200\main.cpp(1502,1): warning C4996: 'scanf': This function or variable may be unsafe. Consider using scanf_s instead. To disable deprecation, use _CRT_SECURE_NO_WARNINGS. See online help for details.
C:\Program Files (x86)\Windows Kits\10\Include\10.0.18362.0\ucrt\stdio.h(1274): message : see declaration of 'scanf'
D:\RNS-APAL_V0200\main.cpp(1523,1): warning C4996: 'scanf': This function or variable may be unsafe. Consider using scanf_s instead. To disable deprecation, use _CRT_SECURE_NO_WARNINGS. See online help for details.
C:\Program Files (x86)\Windows Kits\10\Include\10.0.18362.0\ucrt\stdio.h(1274): message : see declaration of 'scanf'
D:\RNS-APAL_V0200\main.cpp(1548,1): warning C4996: 'scanf': This function or variable may be unsafe. Consider using scanf_s instead. To disable deprecation, use _CRT_SECURE_NO_WARNINGS. See online help for details.
C:\Program Files (x86)\Windows Kits\10\Include\10.0.18362.0\ucrt\stdio.h(1274): message : see declaration of 'scanf'
D:\RNS-APAL_V0200\main.cpp(1557,1): warning C4996: 'scanf': This function or variable may be unsafe. Consider using scanf_s instead. To disable deprecation, use _CRT_SECURE_NO_WARNINGS. See online help for details.
C:\Program Files (x86)\Windows Kits\10\Include\10.0.18362.0\ucrt\stdio.h(1274): message : see declaration of 'scanf'
D:\RNS-APAL_V0200\main.cpp(1570,1): warning C4996: 'scanf': This function or variable may be unsafe. Consider using scanf_s instead. To disable deprecation, use _CRT_SECURE_NO_WARNINGS. See online help for details.
C:\Program Files (x86)\Windows Kits\10\Include\10.0.18362.0\ucrt\stdio.h(1274): message : see declaration of 'scanf'
D:\RNS-APAL_V0200\main.cpp(1605,1): warning C4996: 'scanf': This function or variable may be unsafe. Consider using scanf_s instead. To disable deprecation, use _CRT_SECURE_NO_WARNINGS. See online help for details.
C:\Program Files (x86)\Windows Kits\10\Include\10.0.18362.0\ucrt\stdio.h(1274): message : see declaration of 'scanf'
D:\RNS-APAL_V0200\main.cpp(1608,1): warning C4996: 'scanf': This function or variable may be unsafe. Consider using scanf_s instead. To disable deprecation, use _CRT_SECURE_NO_WARNINGS. See online help for details.
C:\Program Files (x86)\Windows Kits\10\Include\10.0.18362.0\ucrt\stdio.h(1274): message : see declaration of 'scanf'
D:\RNS-APAL_V0200\main.cpp(1620,1): warning C4996: 'scanf': This function or variable may be unsafe. Consider using scanf_s instead. To disable deprecation, use _CRT_SECURE_NO_WARNINGS. See online help for details.
C:\Program Files (x86)\Windows Kits\10\Include\10.0.18362.0\ucrt\stdio.h(1274): message : see declaration of 'scanf'
D:\RNS-APAL_V0200\main.cpp(1623,1): warning C4996: 'scanf': This function or variable may be unsafe. Consider using scanf_s instead. To disable deprecation, use _CRT_SECURE_NO_WARNINGS. See online help for details.
C:\Program Files (x86)\Windows Kits\10\Include\10.0.18362.0\ucrt\stdio.h(1274): message : see declaration of 'scanf'
D:\RNS-APAL_V0200\main.cpp(1685,1): warning C4996: 'scanf': This function or variable may be unsafe. Consider using scanf_s instead. To disable deprecation, use _CRT_SECURE_NO_WARNINGS. See online help for details.
C:\Program Files (x86)\Windows Kits\10\Include\10.0.18362.0\ucrt\stdio.h(1274): message : see declaration of 'scanf'
D:\RNS-APAL_V0200\main.cpp(1689,1): warning C4996: 'scanf': This function or variable may be unsafe. Consider using scanf_s instead. To disable deprecation, use _CRT_SECURE_NO_WARNINGS. See online help for details.
C:\Program Files (x86)\Windows Kits\10\Include\10.0.18362.0\ucrt\stdio.h(1274): message : see declaration of 'scanf'
D:\RNS-APAL_V0200\main.cpp(1861,1): warning C4996: 'scanf': This function or variable may be unsafe. Consider using scanf_s instead. To disable deprecation, use _CRT_SECURE_NO_WARNINGS. See online help for details.
C:\Program Files (x86)\Windows Kits\10\Include\10.0.18362.0\ucrt\stdio.h(1274): message : see declaration of 'scanf'
D:\RNS-APAL_V0200\main.cpp(1866,1): warning C4996: 'scanf': This function or variable may be unsafe. Consider using scanf_s instead. To disable deprecation, use _CRT_SECURE_NO_WARNINGS. See online help for details.
C:\Program Files (x86)\Windows Kits\10\Include\10.0.18362.0\ucrt\stdio.h(1274): message : see declaration of 'scanf'
D:\RNS-APAL_V0200\main.cpp(1890,1): warning C4996: 'scanf': This function or variable may be unsafe. Consider using scanf_s instead. To disable deprecation, use _CRT_SECURE_NO_WARNINGS. See online help for details.
C:\Program Files (x86)\Windows Kits\10\Include\10.0.18362.0\ucrt\stdio.h(1274): message : see declaration of 'scanf'
D:\RNS-APAL_V0200\main.cpp(1895,1): warning C4996: 'scanf': This function or variable may be unsafe. Consider using scanf_s instead. To disable deprecation, use _CRT_SECURE_NO_WARNINGS. See online help for details.
C:\Program Files (x86)\Windows Kits\10\Include\10.0.18362.0\ucrt\stdio.h(1274): message : see declaration of 'scanf'
D:\RNS-APAL_V0200\main.cpp(1900,1): warning C4996: 'scanf': This function or variable may be unsafe. Consider using scanf_s instead. To disable deprecation, use _CRT_SECURE_NO_WARNINGS. See online help for details.
C:\Program Files (x86)\Windows Kits\10\Include\10.0.18362.0\ucrt\stdio.h(1274): message : see declaration of 'scanf'
D:\RNS-APAL_V0200\main.cpp(1905,1): warning C4996: 'scanf': This function or variable may be unsafe. Consider using scanf_s instead. To disable deprecation, use _CRT_SECURE_NO_WARNINGS. See online help for details.
C:\Program Files (x86)\Windows Kits\10\Include\10.0.18362.0\ucrt\stdio.h(1274): message : see declaration of 'scanf'
D:\RNS-APAL_V0200\main.cpp(1995,1): warning C4996: 'scanf': This function or variable may be unsafe. Consider using scanf_s instead. To disable deprecation, use _CRT_SECURE_NO_WARNINGS. See online help for details.
C:\Program Files (x86)\Windows Kits\10\Include\10.0.18362.0\ucrt\stdio.h(1274): message : see declaration of 'scanf'
  spmf.cpp
D:\RNS-APAL_V0200\spmf.cpp(318,16): warning C4244: 'argument': conversion from '__int64' to 'int', possible loss of data
D:\RNS-APAL_V0200\spmf.cpp(344,16): warning C4244: 'argument': conversion from '__int64' to 'int', possible loss of data
  sppm.cpp
D:\RNS-APAL_V0200\sppm.cpp(390,20): warning C4018: '<': signed/unsigned mismatch
  utilities.cpp
D:\RNS-APAL_V0200\utilities.cpp(61,8): warning C4244: 'initializing': conversion from 'time_t' to 'int', possible loss of data
D:\RNS-APAL_V0200\utilities.cpp(73,8): warning C4244: 'initializing': conversion from 'double' to 'int', possible loss of data
D:\RNS-APAL_V0200\utilities.cpp(134,1): warning C4996: 'scanf': This function or variable may be unsafe. Consider using scanf_s instead. To disable deprecation, use _CRT_SECURE_NO_WARNINGS. See online help for details.
C:\Program Files (x86)\Windows Kits\10\Include\10.0.18362.0\ucrt\stdio.h(1274): message : see declaration of 'scanf'
D:\RNS-APAL_V0200\utilities.cpp(152,12): warning C4018: '<': signed/unsigned mismatch
D:\RNS-APAL_V0200\utilities.cpp(496,39): warning C4244: '=': conversion from '__int64' to 'int', possible loss of data
D:\RNS-APAL_V0200\utilities.cpp(510,15): warning C4244: 'initializing': conversion from 'double' to '__int64', possible loss of data
D:\RNS-APAL_V0200\utilities.cpp(515,10): warning C4244: 'return': conversion from 'double' to '__int64', possible loss of data
D:\RNS-APAL_V0200\utilities.cpp(525,12): warning C4244: '=': conversion from '__int64' to 'int', possible loss of data
  Generating code
  Previous IPDB was built with incompatible compiler, fall back to full compilation.
D:\RNS-APAL_V0200\ppm.cpp(1542): warning C4715: 'PPM::Print_NoHdr': not all control paths return a value
D:\RNS-APAL_V0200\ppm.cpp(1523): warning C4715: 'PPM::Print': not all control paths return a value
  All 647 functions were compiled because no usable IPDB/IOBJ from previous compilation was found.
  Finished generating code
  primemod1.vcxproj -> D:\RNS-APAL_V0200\Release\RNS-APAL.exe
